Command line:
   schematic_schematic_sch_tb_isim_beh.exe
     -simmode  gui
     -simrunnum  0
     -socket  56423

Sat Feb 19 14:01:52 2022


 Elaboration Time: 0.078125 sec

 Current Memory Usage: 5150.11 Meg

 Total Signals          : 36
 Total Nets             : 38
 Total Signal Drivers   : 16
 Total Blocks           : 6
 Total Primitive Blocks : 4
 Total Processes        : 27
 Total Traceable Variables  : 30
 Total Scalar Nets and Variables : 178
Total Line Count : 91

 Total Simulation Time: 1.09375 sec

 Current Memory Usage: 5150.11 Meg

Sat Feb 19 14:02:03 2022

