Running: C:\Xilinx\14.7\ISE_DS\ISE\bin\nt64\unwrapped\fuse.exe -intstyle ise -incremental -o C:/dev/ULiC/LiczSymulacja/test_licz_isim_beh.exe -prj C:/dev/ULiC/LiczSymulacja/test_licz_beh.prj work.test_licz 
ISim P.20131013 (signature 0x7708f090)
Number of CPUs detected in this system: 8
Turning on mult-threading, number of parallel sub-compilation jobs: 16 
Determining compilation order of HDL files
Parsing VHDL file "C:/dev/ULiC/LiczSymulacja/licz.vhd" into library work
Parsing VHDL file "C:/dev/ULiC/LiczSymulacja/test_licz.vhd" into library work
Starting static elaboration
Completed static elaboration
Compiling package standard
Compiling package std_logic_1164
Compiling package std_logic_arith
Compiling package std_logic_unsigned
Compiling architecture behavioral of entity licz [licz_default]
Compiling architecture behavior of entity test_licz
Time Resolution for simulation is 1ps.
Waiting for 1 sub-compilation(s) to finish...
Compiled 7 VHDL Units
Built simulation executable C:/dev/ULiC/LiczSymulacja/test_licz_isim_beh.exe
Fuse Memory Usage: 35648 KB
Fuse CPU Usage: 468 ms
