Release 14.7 - xst P.20131013 (nt64)
Copyright (c) 1995-2013 Xilinx, Inc.  All rights reserved.
--> Parameter TMPDIR set to xst/projnav.tmp


Total REAL time to Xst completion: 0.00 secs
Total CPU time to Xst completion: 0.20 secs
 
--> Parameter xsthdpdir set to xst


Total REAL time to Xst completion: 0.00 secs
Total CPU time to Xst completion: 0.20 secs
 
--> Reading design: RAM.prj

TABLE OF CONTENTS
  1) Synthesis Options Summary
  2) HDL Compilation
  3) Design Hierarchy Analysis
  4) HDL Analysis
  5) HDL Synthesis
     5.1) HDL Synthesis Report
  6) Advanced HDL Synthesis
     6.1) Advanced HDL Synthesis Report
  7) Low Level Synthesis
  8) Partition Report
  9) Final Report

=========================================================================
*                      Synthesis Options Summary                        *
=========================================================================
---- Source Parameters
Input File Name                    : "RAM.prj"
Input Format                       : mixed
Ignore Synthesis Constraint File   : NO

---- Target Parameters
Output File Name                   : "RAM"
Output Format                      : NGC
Target Device                      : CoolRunner2 CPLDs

---- Source Options
Top Module Name                    : RAM
Automatic FSM Extraction           : YES
FSM Encoding Algorithm             : Auto
Safe Implementation                : No
Mux Extraction                     : Yes
Resource Sharing                   : YES

---- Target Options
Add IO Buffers                     : YES
MACRO Preserve                     : YES
XOR Preserve                       : YES
Equivalent register Removal        : YES

---- General Options
Optimization Goal                  : Speed
Optimization Effort                : 1
Keep Hierarchy                     : Yes
Netlist Hierarchy                  : As_Optimized
RTL Output                         : Yes
Hierarchy Separator                : /
Bus Delimiter                      : <>
Case Specifier                     : Maintain
Verilog 2001                       : YES

---- Other Options
Clock Enable                       : YES
wysiwyg                            : NO

=========================================================================


=========================================================================
*                          HDL Compilation                              *
=========================================================================
Compiling vhdl file "C:/students_ulic/Gricjuta_Jozwiak_5AiSR2_wtorek_14/FILO_RejestrPrzesuwny/RAM.vhd" in Library work.
Entity <ram> compiled.
Entity <ram> (Architecture <behavioral>) compiled.

=========================================================================
*                     Design Hierarchy Analysis                         *
=========================================================================
Analyzing hierarchy for entity <RAM> in library <work> (architecture <behavioral>).


=========================================================================
*                            HDL Analysis                               *
=========================================================================
Analyzing Entity <RAM> in library <work> (Architecture <behavioral>).
Entity <RAM> analyzed. Unit <RAM> generated.


=========================================================================
*                           HDL Synthesis                               *
=========================================================================

Performing bidirectional port resolution...

Synthesizing Unit <RAM>.
    Related source file is "C:/students_ulic/Gricjuta_Jozwiak_5AiSR2_wtorek_14/FILO_RejestrPrzesuwny/RAM.vhd".
    Found 4-bit comparator greater for signal <empty_half_full_wew$cmp_gt0000> created at line 56.
    Found 4-bit updown counter for signal <licznik>.
    Found 64-bit register for signal <ram>.
    Summary:
	inferred   1 Counter(s).
	inferred   1 Comparator(s).
Unit <RAM> synthesized.


=========================================================================
HDL Synthesis Report

Macro Statistics
# Counters                                             : 1
 4-bit updown counter                                  : 1
# Registers                                            : 16
 4-bit register                                        : 16
# Comparators                                          : 1
 4-bit comparator greater                              : 1

=========================================================================

=========================================================================
*                       Advanced HDL Synthesis                          *
=========================================================================


=========================================================================
Advanced HDL Synthesis Report

Macro Statistics
# Counters                                             : 1
 4-bit updown counter                                  : 1

=========================================================================

=========================================================================
*                         Low Level Synthesis                           *
=========================================================================

Optimizing unit <RAM> ...
  implementation constraint: INIT=r	 : licznik_3
  implementation constraint: INIT=r	 : licznik_2
  implementation constraint: INIT=r	 : licznik_1
  implementation constraint: INIT=r	 : licznik_0

=========================================================================
*                           Partition Report                            *
=========================================================================

Partition Implementation Status
-------------------------------

  No Partitions were found in this design.

-------------------------------

=========================================================================
*                            Final Report                               *
=========================================================================
Final Results
RTL Top Level Output File Name     : RAM.ngr
Top Level Output File Name         : RAM
Output Format                      : NGC
Optimization Goal                  : Speed
Keep Hierarchy                     : Yes
Target Technology                  : CoolRunner2 CPLDs
Macro Preserve                     : YES
XOR Preserve                       : YES
Clock Enable                       : YES
wysiwyg                            : NO

Design Statistics
# IOs                              : 14

Cell Usage :
# BELS                             : 311
#      AND2                        : 141
#      AND3                        : 1
#      AND4                        : 2
#      GND                         : 1
#      INV                         : 90
#      OR2                         : 69
#      OR3                         : 1
#      XOR2                        : 6
# FlipFlops/Latches                : 68
#      FDCE                        : 68
# IO Buffers                       : 14
#      IBUF                        : 7
#      OBUF                        : 7
=========================================================================


Total REAL time to Xst completion: 13.00 secs
Total CPU time to Xst completion: 12.95 secs
 
--> 

Total memory usage is 4505324 kilobytes

Number of errors   :    0 (   0 filtered)
Number of warnings :    0 (   0 filtered)
Number of infos    :    0 (   0 filtered)

