 
cpldfit:  version P.20131013                        Xilinx Inc.
                                  Fitter Report
Design Name: schematic                           Date:  2-19-2022,  2:00PM
Device Used: XC2C256-6-TQ144
Fitting Status: Successful

*************************  Mapped Resource Summary  **************************

Macrocells     Product Terms    Function Block   Registers      Pins           
Used/Tot       Used/Tot         Inps Used/Tot    Used/Tot       Used/Tot       
35 /256 ( 14%) 62  /896  (  7%) 61  /640  ( 10%) 33 /256 ( 13%) 22 /118 ( 19%)

** Function Block Resources **

Function Mcells   FB Inps  Pterms   IO       CTC      CTR      CTS      CTE     
Block    Used/Tot Used/Tot Used/Tot Used/Tot Used/Tot Used/Tot Used/Tot Used/Tot
FB1      16/16*    24/40    27/56     2/ 6    1/1*     1/1*     1/1*     0/1
FB2      10/16     16/40    10/56     0/ 8    0/1      0/1      0/1      0/1
FB3       1/16      2/40     2/56     1/ 6    1/1*     0/1      0/1      0/1
FB4       0/16      0/40     0/56     0/ 8    0/1      0/1      0/1      0/1
FB5       0/16      0/40     0/56     0/ 5    0/1      0/1      0/1      0/1
FB6       0/16      0/40     0/56     0/ 8    0/1      0/1      0/1      0/1
FB7       0/16      0/40     0/56     0/ 8    0/1      0/1      0/1      0/1
FB8       0/16      0/40     0/56     0/ 8    0/1      0/1      0/1      0/1
FB9       4/16      7/40     9/56     4/ 8    1/1*     1/1*     1/1*     0/1
FB10      2/16      6/40     7/56     2/ 9    1/1*     1/1*     1/1*     0/1
FB11      0/16      0/40     0/56     0/ 8    0/1      0/1      0/1      0/1
FB12      2/16      6/40     7/56     2/ 6    1/1*     1/1*     1/1*     0/1
FB13      0/16      0/40     0/56     0/ 8    0/1      0/1      0/1      0/1
FB14      0/16      0/40     0/56     0/ 8    0/1      0/1      0/1      0/1
FB15      0/16      0/40     0/56     0/ 7    0/1      0/1      0/1      0/1
FB16      0/16      0/40     0/56     0/ 7    0/1      0/1      0/1      0/1
         -----    -------  -------   -----    ---      ---      ---      ---
Total    35/256    61/640   62/896   11/118   5/16     4/16     4/16     0/16

CTC - Control Term Clock
CTR - Control Term Reset
CTS - Control Term Set
CTE - Control Term Output Enable

* - Resource is exhausted

** Global Control Resources **

GCK         GSR         GTS         DGE         
Used/Tot    Used/Tot    Used/Tot    Used/Tot    
1/3         1/1         0/4         0/1

Signal 'clk' mapped onto global clock net GCK2.
Signal 'b0' mapped onto global set/reset net GSR.

** Pin Resources **

Signal Type    Required     Mapped  |  Pin Type            Used    Total 
------------------------------------|------------------------------------
Input         :    9           9    |  I/O              :    16    108
Output        :   11          11    |  GCK/IO           :     1      3
Bidirectional :    0           0    |  GTS/IO           :     4      4
GCK           :    1           1    |  GSR/IO           :     1      1
GTS           :    0           0    |  CDR/IO           :     0      1
GSR           :    1           1    |  DGE/IO           :     0      1
                 ----        ----
        Total     22          22

End of Mapped Resource Summary
**************************  Errors and Warnings  ***************************

WARNING:Cpld - Unable to retrieve the path to the iSE Project Repository. Will
   use the default filename of 'schematic.ise'.
INFO:Cpld - Inferring BUFG constraint for signal 'clk' based upon the LOC
   constraint 'P38'. It is recommended that you declare this BUFG explicitedly
   in your design. Note that for certain device families the output of a BUFG
   constraint can not drive a gated clock, and the BUFG constraint will be
   ignored.
WARNING:Cpld - Unable to map all desired signals into function block, FB9.
   Buffering output signal RM<2> to allow all signals assigned to this function
   block to be placed.
WARNING:Cpld - Unable to map all desired signals into function block, FB9.
   Buffering output signal RM<3> to allow all signals assigned to this function
   block to be placed.
*************************  Summary of Mapped Logic  ************************

** 11 Outputs **

Signal                                  Total Total Bank Loc     Pin   Pin       Pin     I/O      I/O       Slew Reg     Reg Init
Name                                    Pts   Inps               No.   Type      Use     STD      Style     Rate Use     State
clkSeq                                  5     8     2    FB1_4   142   I/O       O       LVCMOS18           FAST DFF     RESET
CS                                      3     8     2    FB1_12  139   I/O       O       LVCMOS18           FAST DFF/S   SET
MOSI                                    2     2     2    FB3_3   134   I/O       O       LVCMOS18           FAST DFF     RESET
RM<3>                                   1     1     2    FB9_1   112   I/O       O       LVCMOS18           FAST         
RM<2>                                   1     1     2    FB9_4   114   I/O       O       LVCMOS18           FAST         
RM<1>                                   4     4     2    FB9_12  116   I/O       O       LVCMOS18           FAST DFF     RESET
RM<0>                                   4     4     2    FB9_14  118   I/O       O       LVCMOS18           FAST DFF     RESET
RM<4>                                   4     4     2    FB10_12 103   I/O       O       LVCMOS18           FAST DFF     RESET
RM<5>                                   4     4     2    FB10_16 101   I/O       O       LVCMOS18           FAST DFF     RESET
RM<6>                                   4     4     2    FB12_11 98    I/O       O       LVCMOS18           FAST DFF     RESET
RM<7>                                   4     4     2    FB12_13 96    I/O       O       LVCMOS18           FAST DFF     RESET

** 24 Buried Nodes **

Signal                                  Total Total Loc     Reg     Reg Init
Name                                    Pts   Inps          Use     State
inst_divider_100kHz_to_1Hz/counter<4>   1     4     FB1_1   TFF     RESET
inst_divider_100kHz_to_1Hz/counter<2>   1     2     FB1_2   TFF     RESET
inst_divider_100kHz_to_1Hz/counter<11>  1     11    FB1_3   TFF     RESET
inst_divider_100kHz_to_1Hz/counter<1>   1     1     FB1_5   TFF     RESET
inst_divider_100kHz_to_1Hz/counter<10>  1     10    FB1_6   TFF     RESET
RM<3>_BUFR                              4     4     FB1_7   DFF     RESET
RM<2>_BUFR                              4     4     FB1_8   DFF     RESET
inst_sequenter/counter<1>               2     2     FB1_9   TFF/S   SET
inst_sequenter/counter<2>               2     3     FB1_10  TFF     RESET
inst_sequenter/counter<3>               2     4     FB1_11  TFF     RESET
inst_divider_100kHz_to_1Hz/counter<9>   1     9     FB1_13  TFF     RESET
inst_divider_100kHz_to_1Hz/counter<6>   1     6     FB1_14  TFF     RESET
inst_sequenter/counter<4>               2     5     FB1_15  TFF/S   SET
inst_sequenter/counter<0>               2     6     FB1_16  TFF     RESET
inst_divider_100kHz_to_1Hz/counter<5>   2     16    FB2_2   TFF     RESET
inst_divider_100kHz_to_1Hz/counter<3>   2     16    FB2_6   TFF     RESET
inst_divider_100kHz_to_1Hz/counter<14>  2     16    FB2_7   TFF     RESET
inst_divider_100kHz_to_1Hz/counter<13>  2     16    FB2_8   TFF     RESET
inst_divider_100kHz_to_1Hz/counter<0>   1     16    FB2_9   TFF     RESET
XLXN_7                                  1     16    FB2_10  TFF     RESET
inst_divider_100kHz_to_1Hz/counter<15>  1     15    FB2_11  TFF     RESET
inst_divider_100kHz_to_1Hz/counter<8>   2     16    FB2_14  TFF     RESET
inst_divider_100kHz_to_1Hz/counter<7>   2     16    FB2_15  TFF     RESET
inst_divider_100kHz_to_1Hz/counter<12>  1     12    FB2_16  TFF     RESET

** 11 Inputs **

Signal                                  Bank Loc     Pin   Pin       Pin     I/O      I/O
Name                                                 No.   Type      Use     STD      Style
b0                                      2    FB1_3   143   GSR/I/O   GSR/I   LVCMOS18 KPR
in_data<0>                              2    FB2_1   2     GTS/I/O   I       LVCMOS18 KPR
in_data<4>                              2    FB2_3   3     GTS/I/O   I       LVCMOS18 KPR
in_data<1>                              2    FB2_4   4     I/O       I       LVCMOS18 KPR
in_data<5>                              2    FB2_5   5     GTS/I/O   I       LVCMOS18 KPR
in_data<2>                              2    FB2_12  6     GTS/I/O   I       LVCMOS18 KPR
in_data<6>                              2    FB2_13  7     I/O       I       LVCMOS18 KPR
in_data<3>                              2    FB2_14  9     I/O       I       LVCMOS18 KPR
in_data<7>                              2    FB2_15  10    I/O       I       LVCMOS18 KPR
clk                                     1    FB6_4   38    GCK/I/O   GCK     LVCMOS18 KPR
MISO                                    2    FB11_11 124   I/O       I       LVCMOS18 KPR

Legend:
Pin No.   - ~     - User Assigned
I/O Style - OD    - OpenDrain
          - PU    - Pullup
          - KPR   - Keeper
          - S     - SchmittTrigger
          - DG    - DataGate
Reg Use   - LATCH - Transparent latch
          - DFF   - D-flip-flop
          - DEFF  - D-flip-flop with clock enable
          - TFF   - T-flip-flop
          - TDFF  - Dual-edge-triggered T-flip-flop
          - DDFF  - Dual-edge-triggered flip-flop
          - DDEFF - Dual-edge-triggered flip-flop with clock enable
          /S (after any above flop/latch type) indicates initial state is Set
**************************  Function Block Details  ************************
Legend:
Total Pt     - Total product terms used by the macrocell signal
Loc          - Location where logic was mapped in device
Pin Type/Use - I  - Input             GCK - Global clock
               O  - Output            GTS - Global Output Enable
              (b) - Buried macrocell  GSR - Global Set/Reset
              VRF - Vref
Pin No.      - ~  - User Assigned
*********************************** FB1  ***********************************
This function block is part of I/O Bank number:               2
Number of function block inputs used/remaining:               24/16
Number of function block control terms used/remaining:        3/1
Number of PLA product terms used/remaining:                   27/29
Signal                        Total Loc     Pin  Pin     Pin   CTC CTR CTS CTE
Name                          Pt            No.  Type    Use   
inst_divider_100kHz_to_1Hz/counter<4>
                              1     FB1_1        (b)     (b)               
inst_divider_100kHz_to_1Hz/counter<2>
                              1     FB1_2        (b)     (b)               
inst_divider_100kHz_to_1Hz/counter<11>
                              1     FB1_3   143  GSR/I/O GSR/I             
clkSeq                        5     FB1_4   142  I/O     O      +          
inst_divider_100kHz_to_1Hz/counter<1>
                              1     FB1_5        (b)     (b)               
inst_divider_100kHz_to_1Hz/counter<10>
                              1     FB1_6   140  I/O     (b)               
RM<3>_BUFR                    4     FB1_7        (b)     (b)        +      
RM<2>_BUFR                    4     FB1_8        (b)     (b)            +  
inst_sequenter/counter<1>     2     FB1_9        (b)     (b)    +          
inst_sequenter/counter<2>     2     FB1_10       (b)     (b)    +          
inst_sequenter/counter<3>     2     FB1_11       (b)     (b)    +          
CS                            3     FB1_12  139  I/O     O      +          
inst_divider_100kHz_to_1Hz/counter<9>
                              1     FB1_13  138  I/O     (b)               
inst_divider_100kHz_to_1Hz/counter<6>
                              1     FB1_14  137  I/O     (b)               
inst_sequenter/counter<4>     2     FB1_15       (b)     (b)    +          
inst_sequenter/counter<0>     2     FB1_16       (b)     (b)    +          

Signals Used by Logic in Function Block
  1: CS                 9: inst_divider_100kHz_to_1Hz/counter<0>   17: inst_divider_100kHz_to_1Hz/counter<7> 
  2: RM<3>_BUFR        10: inst_divider_100kHz_to_1Hz/counter<10>  18: inst_divider_100kHz_to_1Hz/counter<8> 
  3: RM<4>             11: inst_divider_100kHz_to_1Hz/counter<1>   19: inst_divider_100kHz_to_1Hz/counter<9> 
  4: XLXN_7            12: inst_divider_100kHz_to_1Hz/counter<2>   20: inst_sequenter/counter<0> 
  5: b0                13: inst_divider_100kHz_to_1Hz/counter<3>   21: inst_sequenter/counter<1> 
  6: clkSeq            14: inst_divider_100kHz_to_1Hz/counter<4>   22: inst_sequenter/counter<2> 
  7: in_data<2>        15: inst_divider_100kHz_to_1Hz/counter<5>   23: inst_sequenter/counter<3> 
  8: in_data<3>        16: inst_divider_100kHz_to_1Hz/counter<6>   24: inst_sequenter/counter<4> 

Signal                     1         2         3         4 FB      
Name             0----+----0----+----0----+----0----+----0 Inputs  
inst_divider_100kHz_to_1Hz/counter<4> 
                  ........X.XXX........................... 4       
inst_divider_100kHz_to_1Hz/counter<2> 
                  ........X.X............................. 2       
inst_divider_100kHz_to_1Hz/counter<11> 
                  ........XXXXXXXXXXX..................... 11      
clkSeq            ...XXX.............XXXXX................ 8       
inst_divider_100kHz_to_1Hz/counter<1> 
                  ........X............................... 1       
inst_divider_100kHz_to_1Hz/counter<10> 
                  ........X.XXXXXXXXX..................... 10      
RM<3>_BUFR        ..X.XX.X................................ 4       
RM<2>_BUFR        .X..XXX................................. 4       
inst_sequenter/counter<1> 
                  ...X...............X.................... 2       
inst_sequenter/counter<2> 
                  ...X...............XX................... 3       
inst_sequenter/counter<3> 
                  ...X...............XXX.................. 4       
CS                X..XX..............XXXXX................ 8       
inst_divider_100kHz_to_1Hz/counter<9> 
                  ........X.XXXXXXXX...................... 9       
inst_divider_100kHz_to_1Hz/counter<6> 
                  ........X.XXXXX......................... 6       
inst_sequenter/counter<4> 
                  ...X...............XXXX................. 5       
inst_sequenter/counter<0> 
                  ...X...............XXXXX................ 6       
                 0----+----1----+----2----+----3----+----4
                           0         0         0         0
*********************************** FB2  ***********************************
This function block is part of I/O Bank number:               2
Number of function block inputs used/remaining:               16/24
Number of function block control terms used/remaining:        0/4
Number of PLA product terms used/remaining:                   10/46
Signal                        Total Loc     Pin  Pin     Pin   CTC CTR CTS CTE
Name                          Pt            No.  Type    Use   
(unused)                      0     FB2_1   2    GTS/I/O I     
inst_divider_100kHz_to_1Hz/counter<5>
                              2     FB2_2        (b)     (b)               
(unused)                      0     FB2_3   3    GTS/I/O I     
(unused)                      0     FB2_4   4    I/O     I     
(unused)                      0     FB2_5   5    GTS/I/O I     
inst_divider_100kHz_to_1Hz/counter<3>
                              2     FB2_6        (b)     (b)               
inst_divider_100kHz_to_1Hz/counter<14>
                              2     FB2_7        (b)     (b)               
inst_divider_100kHz_to_1Hz/counter<13>
                              2     FB2_8        (b)     (b)               
inst_divider_100kHz_to_1Hz/counter<0>
                              1     FB2_9        (b)     (b)               
XLXN_7                        1     FB2_10       (b)     (b)               
inst_divider_100kHz_to_1Hz/counter<15>
                              1     FB2_11       (b)     (b)               
(unused)                      0     FB2_12  6    GTS/I/O I     
(unused)                      0     FB2_13  7    I/O     I     
inst_divider_100kHz_to_1Hz/counter<8>
                              2     FB2_14  9    I/O     I                 
inst_divider_100kHz_to_1Hz/counter<7>
                              2     FB2_15  10   I/O     I                 
inst_divider_100kHz_to_1Hz/counter<12>
                              1     FB2_16       (b)     (b)               

Signals Used by Logic in Function Block
  1: inst_divider_100kHz_to_1Hz/counter<0>    7: inst_divider_100kHz_to_1Hz/counter<15>  12: inst_divider_100kHz_to_1Hz/counter<5> 
  2: inst_divider_100kHz_to_1Hz/counter<10>   8: inst_divider_100kHz_to_1Hz/counter<1>   13: inst_divider_100kHz_to_1Hz/counter<6> 
  3: inst_divider_100kHz_to_1Hz/counter<11>   9: inst_divider_100kHz_to_1Hz/counter<2>   14: inst_divider_100kHz_to_1Hz/counter<7> 
  4: inst_divider_100kHz_to_1Hz/counter<12>  10: inst_divider_100kHz_to_1Hz/counter<3>   15: inst_divider_100kHz_to_1Hz/counter<8> 
  5: inst_divider_100kHz_to_1Hz/counter<13>  11: inst_divider_100kHz_to_1Hz/counter<4>   16: inst_divider_100kHz_to_1Hz/counter<9> 
  6: inst_divider_100kHz_to_1Hz/counter<14> 

Signal                     1         2         3         4 FB      
Name             0----+----0----+----0----+----0----+----0 Inputs  
inst_divider_100kHz_to_1Hz/counter<5> 
                  XXXXXXXXXXXXXXXX........................ 16      
inst_divider_100kHz_to_1Hz/counter<3> 
                  XXXXXXXXXXXXXXXX........................ 16      
inst_divider_100kHz_to_1Hz/counter<14> 
                  XXXXXXXXXXXXXXXX........................ 16      
inst_divider_100kHz_to_1Hz/counter<13> 
                  XXXXXXXXXXXXXXXX........................ 16      
inst_divider_100kHz_to_1Hz/counter<0> 
                  XXXXXXXXXXXXXXXX........................ 16      
XLXN_7            XXXXXXXXXXXXXXXX........................ 16      
inst_divider_100kHz_to_1Hz/counter<15> 
                  XXXXXX.XXXXXXXXX........................ 15      
inst_divider_100kHz_to_1Hz/counter<8> 
                  XXXXXXXXXXXXXXXX........................ 16      
inst_divider_100kHz_to_1Hz/counter<7> 
                  XXXXXXXXXXXXXXXX........................ 16      
inst_divider_100kHz_to_1Hz/counter<12> 
                  XXX....XXXXXXXXX........................ 12      
                 0----+----1----+----2----+----3----+----4
                           0         0         0         0
*********************************** FB3  ***********************************
This function block is part of I/O Bank number:               2
Number of function block inputs used/remaining:               2/38
Number of function block control terms used/remaining:        1/3
Number of PLA product terms used/remaining:                   2/54
Signal                        Total Loc     Pin  Pin     Pin   CTC CTR CTS CTE
Name                          Pt            No.  Type    Use   
(unused)                      0     FB3_1   136  I/O           
(unused)                      0     FB3_2   135  I/O           
MOSI                          2     FB3_3   134  I/O     O      +          
(unused)                      0     FB3_4        (b)           
(unused)                      0     FB3_5   133  I/O           
(unused)                      0     FB3_6        (b)           
(unused)                      0     FB3_7        (b)           
(unused)                      0     FB3_8        (b)           
(unused)                      0     FB3_9        (b)           
(unused)                      0     FB3_10       (b)           
(unused)                      0     FB3_11       (b)           
(unused)                      0     FB3_12       (b)           
(unused)                      0     FB3_13       (b)           
(unused)                      0     FB3_14  132  I/O           
(unused)                      0     FB3_15       (b)           
(unused)                      0     FB3_16  131  I/O           

Signals Used by Logic in Function Block
  1: RM<0>              2: clkSeq           

Signal                     1         2         3         4 FB      
Name             0----+----0----+----0----+----0----+----0 Inputs  
MOSI              XX...................................... 2       
                 0----+----1----+----2----+----3----+----4
                           0         0         0         0
*********************************** FB4  ***********************************
This function block is part of I/O Bank number:               2
Number of function block inputs used/remaining:               0/40
Number of function block control terms used/remaining:        0/4
Number of PLA product terms used/remaining:                   0/56
Signal                        Total Loc     Pin  Pin     Pin   CTC CTR CTS CTE
Name                          Pt            No.  Type    Use   
(unused)                      0     FB4_1   11   I/O           
(unused)                      0     FB4_2   12   I/O           
(unused)                      0     FB4_3   13   I/O           
(unused)                      0     FB4_4   14   I/O           
(unused)                      0     FB4_5   15   I/O           
(unused)                      0     FB4_6   16   I/O           
(unused)                      0     FB4_7        (b)           
(unused)                      0     FB4_8        (b)           
(unused)                      0     FB4_9        (b)           
(unused)                      0     FB4_10       (b)           
(unused)                      0     FB4_11       (b)           
(unused)                      0     FB4_12  17   I/O           
(unused)                      0     FB4_13       (b)           
(unused)                      0     FB4_14  18   I/O           
(unused)                      0     FB4_15       (b)           
(unused)                      0     FB4_16       (b)           
*********************************** FB5  ***********************************
This function block is part of I/O Bank number:               1
Number of function block inputs used/remaining:               0/40
Number of function block control terms used/remaining:        0/4
Number of PLA product terms used/remaining:                   0/56
Signal                        Total Loc     Pin  Pin     Pin   CTC CTR CTS CTE
Name                          Pt            No.  Type    Use   
(unused)                      0     FB5_1        (b)           
(unused)                      0     FB5_2   33   I/O           
(unused)                      0     FB5_3        (b)           
(unused)                      0     FB5_4   32   GCK/I/O       
(unused)                      0     FB5_5   31   I/O           
(unused)                      0     FB5_6   30   GCK/I/O       
(unused)                      0     FB5_7        (b)           
(unused)                      0     FB5_8        (b)           
(unused)                      0     FB5_9        (b)           
(unused)                      0     FB5_10       (b)           
(unused)                      0     FB5_11       (b)           
(unused)                      0     FB5_12       (b)           
(unused)                      0     FB5_13       (b)           
(unused)                      0     FB5_14  28   I/O           
(unused)                      0     FB5_15       (b)           
(unused)                      0     FB5_16       (b)           
*********************************** FB6  ***********************************
This function block is part of I/O Bank number:               1
Number of function block inputs used/remaining:               0/40
Number of function block control terms used/remaining:        0/4
Number of PLA product terms used/remaining:                   0/56
Signal                        Total Loc     Pin  Pin     Pin   CTC CTR CTS CTE
Name                          Pt            No.  Type    Use   
(unused)                      0     FB6_1   34   I/O           
(unused)                      0     FB6_2   35   CDR/I/O       
(unused)                      0     FB6_3        (b)           
(unused)                      0     FB6_4   38   GCK/I/O GCK   
(unused)                      0     FB6_5        (b)           
(unused)                      0     FB6_6        (b)           
(unused)                      0     FB6_7        (b)           
(unused)                      0     FB6_8        (b)           
(unused)                      0     FB6_9        (b)           
(unused)                      0     FB6_10       (b)           
(unused)                      0     FB6_11       (b)           
(unused)                      0     FB6_12  39   DGE/I/O       
(unused)                      0     FB6_13  40   I/O           
(unused)                      0     FB6_14  41   I/O           
(unused)                      0     FB6_15  42   I/O           
(unused)                      0     FB6_16  43   I/O           
*********************************** FB7  ***********************************
This function block is part of I/O Bank number:               1
Number of function block inputs used/remaining:               0/40
Number of function block control terms used/remaining:        0/4
Number of PLA product terms used/remaining:                   0/56
Signal                        Total Loc     Pin  Pin     Pin   CTC CTR CTS CTE
Name                          Pt            No.  Type    Use   
(unused)                      0     FB7_1        (b)           
(unused)                      0     FB7_2        (b)           
(unused)                      0     FB7_3        (b)           
(unused)                      0     FB7_4        (b)           
(unused)                      0     FB7_5   26   I/O           
(unused)                      0     FB7_6   25   I/O           
(unused)                      0     FB7_7        (b)           
(unused)                      0     FB7_8        (b)           
(unused)                      0     FB7_9        (b)           
(unused)                      0     FB7_10       (b)           
(unused)                      0     FB7_11  24   I/O           
(unused)                      0     FB7_12  23   I/O           
(unused)                      0     FB7_13  22   I/O           
(unused)                      0     FB7_14  21   I/O           
(unused)                      0     FB7_15  20   I/O           
(unused)                      0     FB7_16  19   I/O           
*********************************** FB8  ***********************************
This function block is part of I/O Bank number:               1
Number of function block inputs used/remaining:               0/40
Number of function block control terms used/remaining:        0/4
Number of PLA product terms used/remaining:                   0/56
Signal                        Total Loc     Pin  Pin     Pin   CTC CTR CTS CTE
Name                          Pt            No.  Type    Use   
(unused)                      0     FB8_1   44   I/O           
(unused)                      0     FB8_2   45   I/O           
(unused)                      0     FB8_3   46   I/O           
(unused)                      0     FB8_4        (b)           
(unused)                      0     FB8_5   48   I/O           
(unused)                      0     FB8_6   49   I/O           
(unused)                      0     FB8_7        (b)           
(unused)                      0     FB8_8        (b)           
(unused)                      0     FB8_9        (b)           
(unused)                      0     FB8_10       (b)           
(unused)                      0     FB8_11  50   I/O           
(unused)                      0     FB8_12  51   I/O           
(unused)                      0     FB8_13  52   I/O           
(unused)                      0     FB8_14       (b)           
(unused)                      0     FB8_15       (b)           
(unused)                      0     FB8_16       (b)           
*********************************** FB9  ***********************************
This function block is part of I/O Bank number:               2
Number of function block inputs used/remaining:               7/33
Number of function block control terms used/remaining:        3/1
Number of PLA product terms used/remaining:                   9/47
Signal                        Total Loc     Pin  Pin     Pin   CTC CTR CTS CTE
Name                          Pt            No.  Type    Use   
RM<3>                         1     FB9_1   112  I/O     O                 
(unused)                      0     FB9_2   113  I/O           
(unused)                      0     FB9_3        (b)           
RM<2>                         1     FB9_4   114  I/O     O                 
(unused)                      0     FB9_5        (b)           
(unused)                      0     FB9_6   115  I/O           
(unused)                      0     FB9_7        (b)           
(unused)                      0     FB9_8        (b)           
(unused)                      0     FB9_9        (b)           
(unused)                      0     FB9_10       (b)           
(unused)                      0     FB9_11       (b)           
RM<1>                         4     FB9_12  116  I/O     O      +   +      
(unused)                      0     FB9_13  117  I/O           
RM<0>                         4     FB9_14  118  I/O     O      +       +  
(unused)                      0     FB9_15  119  I/O           
(unused)                      0     FB9_16       (b)           

Signals Used by Logic in Function Block
  1: RM<1>              4: b0                 6: in_data<0> 
  2: RM<2>_BUFR         5: clkSeq             7: in_data<1> 
  3: RM<3>_BUFR       

Signal                     1         2         3         4 FB      
Name             0----+----0----+----0----+----0----+----0 Inputs  
RM<3>             ..X..................................... 1       
RM<2>             .X...................................... 1       
RM<1>             .X.XX.X................................. 4       
RM<0>             X..XXX.................................. 4       
                 0----+----1----+----2----+----3----+----4
                           0         0         0         0
*********************************** FB10 ***********************************
This function block is part of I/O Bank number:               2
Number of function block inputs used/remaining:               6/34
Number of function block control terms used/remaining:        3/1
Number of PLA product terms used/remaining:                   7/49
Signal                        Total Loc     Pin  Pin     Pin   CTC CTR CTS CTE
Name                          Pt            No.  Type    Use   
(unused)                      0     FB10_1  111  I/O           
(unused)                      0     FB10_2  110  I/O           
(unused)                      0     FB10_3  107  I/O           
(unused)                      0     FB10_4  106  I/O           
(unused)                      0     FB10_5  105  I/O           
(unused)                      0     FB10_6  104  I/O           
(unused)                      0     FB10_7       (b)           
(unused)                      0     FB10_8       (b)           
(unused)                      0     FB10_9       (b)           
(unused)                      0     FB10_10      (b)           
(unused)                      0     FB10_11      (b)           
RM<4>                         4     FB10_12 103  I/O     O      +       +  
(unused)                      0     FB10_13      (b)           
(unused)                      0     FB10_14 102  I/O           
(unused)                      0     FB10_15      (b)           
RM<5>                         4     FB10_16 101  I/O     O      +   +      

Signals Used by Logic in Function Block
  1: RM<5>              3: b0                 5: in_data<4> 
  2: RM<6>              4: clkSeq             6: in_data<5> 

Signal                     1         2         3         4 FB      
Name             0----+----0----+----0----+----0----+----0 Inputs  
RM<4>             X.XXX................................... 4       
RM<5>             .XXX.X.................................. 4       
                 0----+----1----+----2----+----3----+----4
                           0         0         0         0
*********************************** FB11 ***********************************
This function block is part of I/O Bank number:               2
Number of function block inputs used/remaining:               0/40
Number of function block control terms used/remaining:        0/4
Number of PLA product terms used/remaining:                   0/56
Signal                        Total Loc     Pin  Pin     Pin   CTC CTR CTS CTE
Name                          Pt            No.  Type    Use   
(unused)                      0     FB11_1       (b)           
(unused)                      0     FB11_2       (b)           
(unused)                      0     FB11_3       (b)           
(unused)                      0     FB11_4       (b)           
(unused)                      0     FB11_5  120  I/O           
(unused)                      0     FB11_6  121  I/O           
(unused)                      0     FB11_7       (b)           
(unused)                      0     FB11_8       (b)           
(unused)                      0     FB11_9       (b)           
(unused)                      0     FB11_10      (b)           
(unused)                      0     FB11_11 124  I/O     I     
(unused)                      0     FB11_12 125  I/O           
(unused)                      0     FB11_13 126  I/O           
(unused)                      0     FB11_14 128  I/O           
(unused)                      0     FB11_15 129  I/O           
(unused)                      0     FB11_16 130  I/O           
*********************************** FB12 ***********************************
This function block is part of I/O Bank number:               2
Number of function block inputs used/remaining:               6/34
Number of function block control terms used/remaining:        3/1
Number of PLA product terms used/remaining:                   7/49
Signal                        Total Loc     Pin  Pin     Pin   CTC CTR CTS CTE
Name                          Pt            No.  Type    Use   
(unused)                      0     FB12_1       (b)           
(unused)                      0     FB12_2  100  I/O           
(unused)                      0     FB12_3       (b)           
(unused)                      0     FB12_4       (b)           
(unused)                      0     FB12_5       (b)           
(unused)                      0     FB12_6       (b)           
(unused)                      0     FB12_7       (b)           
(unused)                      0     FB12_8       (b)           
(unused)                      0     FB12_9       (b)           
(unused)                      0     FB12_10      (b)           
RM<6>                         4     FB12_11 98   I/O     O      +       +  
(unused)                      0     FB12_12 97   I/O           
RM<7>                         4     FB12_13 96   I/O     O      +   +      
(unused)                      0     FB12_14 95   I/O           
(unused)                      0     FB12_15 94   I/O           
(unused)                      0     FB12_16      (b)           

Signals Used by Logic in Function Block
  1: MISO               3: b0                 5: in_data<6> 
  2: RM<7>              4: clkSeq             6: in_data<7> 

Signal                     1         2         3         4 FB      
Name             0----+----0----+----0----+----0----+----0 Inputs  
RM<6>             .XXXX................................... 4       
RM<7>             X.XX.X.................................. 4       
                 0----+----1----+----2----+----3----+----4
                           0         0         0         0
*********************************** FB13 ***********************************
This function block is part of I/O Bank number:               1
Number of function block inputs used/remaining:               0/40
Number of function block control terms used/remaining:        0/4
Number of PLA product terms used/remaining:                   0/56
Signal                        Total Loc     Pin  Pin     Pin   CTC CTR CTS CTE
Name                          Pt            No.  Type    Use   
(unused)                      0     FB13_1  75   I/O           
(unused)                      0     FB13_2  76   I/O           
(unused)                      0     FB13_3  77   I/O           
(unused)                      0     FB13_4       (b)           
(unused)                      0     FB13_5  78   I/O           
(unused)                      0     FB13_6  79   I/O           
(unused)                      0     FB13_7       (b)           
(unused)                      0     FB13_8       (b)           
(unused)                      0     FB13_9       (b)           
(unused)                      0     FB13_10      (b)           
(unused)                      0     FB13_11      (b)           
(unused)                      0     FB13_12 80   I/O           
(unused)                      0     FB13_13 81   I/O           
(unused)                      0     FB13_14 82   I/O           
(unused)                      0     FB13_15      (b)           
(unused)                      0     FB13_16      (b)           
*********************************** FB14 ***********************************
This function block is part of I/O Bank number:               1
Number of function block inputs used/remaining:               0/40
Number of function block control terms used/remaining:        0/4
Number of PLA product terms used/remaining:                   0/56
Signal                        Total Loc     Pin  Pin     Pin   CTC CTR CTS CTE
Name                          Pt            No.  Type    Use   
(unused)                      0     FB14_1  74   I/O           
(unused)                      0     FB14_2  71   I/O           
(unused)                      0     FB14_3  70   I/O           
(unused)                      0     FB14_4  69   I/O           
(unused)                      0     FB14_5       (b)           
(unused)                      0     FB14_6  68   I/O           
(unused)                      0     FB14_7       (b)           
(unused)                      0     FB14_8       (b)           
(unused)                      0     FB14_9       (b)           
(unused)                      0     FB14_10      (b)           
(unused)                      0     FB14_11      (b)           
(unused)                      0     FB14_12      (b)           
(unused)                      0     FB14_13 66   I/O           
(unused)                      0     FB14_14 64   I/O           
(unused)                      0     FB14_15      (b)           
(unused)                      0     FB14_16 61   I/O           
*********************************** FB15 ***********************************
This function block is part of I/O Bank number:               1
Number of function block inputs used/remaining:               0/40
Number of function block control terms used/remaining:        0/4
Number of PLA product terms used/remaining:                   0/56
Signal                        Total Loc     Pin  Pin     Pin   CTC CTR CTS CTE
Name                          Pt            No.  Type    Use   
(unused)                      0     FB15_1       (b)           
(unused)                      0     FB15_2  83   I/O           
(unused)                      0     FB15_3       (b)           
(unused)                      0     FB15_4       (b)           
(unused)                      0     FB15_5       (b)           
(unused)                      0     FB15_6       (b)           
(unused)                      0     FB15_7       (b)           
(unused)                      0     FB15_8       (b)           
(unused)                      0     FB15_9       (b)           
(unused)                      0     FB15_10      (b)           
(unused)                      0     FB15_11 85   I/O           
(unused)                      0     FB15_12 86   I/O           
(unused)                      0     FB15_13 87   I/O           
(unused)                      0     FB15_14 88   I/O           
(unused)                      0     FB15_15 91   I/O           
(unused)                      0     FB15_16 92   I/O           
*********************************** FB16 ***********************************
This function block is part of I/O Bank number:               1
Number of function block inputs used/remaining:               0/40
Number of function block control terms used/remaining:        0/4
Number of PLA product terms used/remaining:                   0/56
Signal                        Total Loc     Pin  Pin     Pin   CTC CTR CTS CTE
Name                          Pt            No.  Type    Use   
(unused)                      0     FB16_1       (b)           
(unused)                      0     FB16_2       (b)           
(unused)                      0     FB16_3       (b)           
(unused)                      0     FB16_4       (b)           
(unused)                      0     FB16_5  60   I/O           
(unused)                      0     FB16_6  59   I/O           
(unused)                      0     FB16_7       (b)           
(unused)                      0     FB16_8       (b)           
(unused)                      0     FB16_9       (b)           
(unused)                      0     FB16_10      (b)           
(unused)                      0     FB16_11 58   I/O           
(unused)                      0     FB16_12 57   I/O           
(unused)                      0     FB16_13 56   I/O           
(unused)                      0     FB16_14      (b)           
(unused)                      0     FB16_15 54   I/O           
(unused)                      0     FB16_16 53   I/O           
*******************************  Equations  ********************************

********** Mapped Logic **********

FDCPE_CS: FDCPE port map (CS,CS_D,XLXN_7,'0','0','1');
CS_D <= ((NOT b0 AND CS)
	OR (b0 AND NOT inst_sequenter/counter(0) AND 
	inst_sequenter/counter(1) AND NOT inst_sequenter/counter(2) AND 
	NOT inst_sequenter/counter(3) AND inst_sequenter/counter(4)));

FDCPE_MOSI: FDCPE port map (MOSI,RM(0),clkSeq,'0','0','1');

FDCPE_RM0: FDCPE port map (RM(0),RM(1),clkSeq,RM_CLR(0),RM_PRE(0),'1');
RM_CLR(0) <= (NOT b0 AND NOT in_data(0));
RM_PRE(0) <= (NOT b0 AND in_data(0));

FDCPE_RM1: FDCPE port map (RM(1),RM(2)_BUFR,clkSeq,RM_CLR(1),RM_PRE(1),'1');
RM_CLR(1) <= (NOT b0 AND NOT in_data(1));
RM_PRE(1) <= (NOT b0 AND in_data(1));


RM(2) <= RM(2)_BUFR;

FDCPE_RM2_BUFR: FDCPE port map (RM(2)_BUFR,RM(3)_BUFR,clkSeq,RM_CLR(2)_BUFR,RM_PRE(2)_BUFR,'1');
RM_CLR(2)_BUFR <= (NOT b0 AND NOT in_data(2));
RM_PRE(2)_BUFR <= (NOT b0 AND in_data(2));


RM(3) <= RM(3)_BUFR;

FDCPE_RM3_BUFR: FDCPE port map (RM(3)_BUFR,RM(4),clkSeq,RM_CLR(3)_BUFR,RM_PRE(3)_BUFR,'1');
RM_CLR(3)_BUFR <= (NOT b0 AND NOT in_data(3));
RM_PRE(3)_BUFR <= (NOT b0 AND in_data(3));

FDCPE_RM4: FDCPE port map (RM(4),RM(5),clkSeq,RM_CLR(4),RM_PRE(4),'1');
RM_CLR(4) <= (NOT b0 AND NOT in_data(4));
RM_PRE(4) <= (NOT b0 AND in_data(4));

FDCPE_RM5: FDCPE port map (RM(5),RM(6),clkSeq,RM_CLR(5),RM_PRE(5),'1');
RM_CLR(5) <= (NOT b0 AND NOT in_data(5));
RM_PRE(5) <= (NOT b0 AND in_data(5));

FDCPE_RM6: FDCPE port map (RM(6),RM(7),clkSeq,RM_CLR(6),RM_PRE(6),'1');
RM_CLR(6) <= (NOT b0 AND NOT in_data(6));
RM_PRE(6) <= (NOT b0 AND in_data(6));

FDCPE_RM7: FDCPE port map (RM(7),MISO,clkSeq,RM_CLR(7),RM_PRE(7),'1');
RM_CLR(7) <= (NOT b0 AND NOT in_data(7));
RM_PRE(7) <= (NOT b0 AND in_data(7));

FTCPE_XLXN_7: FTCPE port map (XLXN_7,XLXN_7_T,clk,'0','0','1');
XLXN_7_T <= (NOT inst_divider_100kHz_to_1Hz/counter(0) AND 
	NOT inst_divider_100kHz_to_1Hz/counter(10) AND NOT inst_divider_100kHz_to_1Hz/counter(1) AND 
	NOT inst_divider_100kHz_to_1Hz/counter(2) AND inst_divider_100kHz_to_1Hz/counter(3) AND 
	NOT inst_divider_100kHz_to_1Hz/counter(11) AND NOT inst_divider_100kHz_to_1Hz/counter(4) AND 
	inst_divider_100kHz_to_1Hz/counter(5) AND NOT inst_divider_100kHz_to_1Hz/counter(12) AND 
	NOT inst_divider_100kHz_to_1Hz/counter(6) AND inst_divider_100kHz_to_1Hz/counter(7) AND 
	inst_divider_100kHz_to_1Hz/counter(13) AND inst_divider_100kHz_to_1Hz/counter(8) AND 
	inst_divider_100kHz_to_1Hz/counter(14) AND NOT inst_divider_100kHz_to_1Hz/counter(9) AND 
	NOT inst_divider_100kHz_to_1Hz/counter(15));

FDCPE_clkSeq: FDCPE port map (clkSeq,clkSeq_D,XLXN_7,'0','0','1');
clkSeq_D <= NOT (((b0 AND inst_sequenter/counter(0))
	OR (NOT b0 AND NOT clkSeq)
	OR (b0 AND inst_sequenter/counter(1) AND 
	NOT inst_sequenter/counter(2) AND NOT inst_sequenter/counter(3) AND 
	inst_sequenter/counter(4))
	OR (NOT inst_sequenter/counter(1) AND 
	NOT inst_sequenter/counter(2) AND NOT inst_sequenter/counter(3) AND 
	NOT inst_sequenter/counter(4) AND NOT clkSeq)));

FTCPE_inst_divider_100kHz_to_1Hz/counter0: FTCPE port map (inst_divider_100kHz_to_1Hz/counter(0),inst_divider_100kHz_to_1Hz/counter_T(0),clk,'0','0','1');
inst_divider_100kHz_to_1Hz/counter_T(0) <= NOT ((NOT inst_divider_100kHz_to_1Hz/counter(0) AND 
	NOT inst_divider_100kHz_to_1Hz/counter(10) AND NOT inst_divider_100kHz_to_1Hz/counter(1) AND 
	NOT inst_divider_100kHz_to_1Hz/counter(2) AND inst_divider_100kHz_to_1Hz/counter(3) AND 
	NOT inst_divider_100kHz_to_1Hz/counter(11) AND NOT inst_divider_100kHz_to_1Hz/counter(4) AND 
	inst_divider_100kHz_to_1Hz/counter(5) AND NOT inst_divider_100kHz_to_1Hz/counter(12) AND 
	NOT inst_divider_100kHz_to_1Hz/counter(6) AND inst_divider_100kHz_to_1Hz/counter(7) AND 
	inst_divider_100kHz_to_1Hz/counter(13) AND inst_divider_100kHz_to_1Hz/counter(8) AND 
	inst_divider_100kHz_to_1Hz/counter(14) AND NOT inst_divider_100kHz_to_1Hz/counter(9) AND 
	NOT inst_divider_100kHz_to_1Hz/counter(15)));

FTCPE_inst_divider_100kHz_to_1Hz/counter1: FTCPE port map (inst_divider_100kHz_to_1Hz/counter(1),inst_divider_100kHz_to_1Hz/counter(0),clk,'0','0','1');

FTCPE_inst_divider_100kHz_to_1Hz/counter2: FTCPE port map (inst_divider_100kHz_to_1Hz/counter(2),inst_divider_100kHz_to_1Hz/counter_T(2),clk,'0','0','1');
inst_divider_100kHz_to_1Hz/counter_T(2) <= (inst_divider_100kHz_to_1Hz/counter(0) AND 
	inst_divider_100kHz_to_1Hz/counter(1));

FTCPE_inst_divider_100kHz_to_1Hz/counter3: FTCPE port map (inst_divider_100kHz_to_1Hz/counter(3),inst_divider_100kHz_to_1Hz/counter_T(3),clk,'0','0','1');
inst_divider_100kHz_to_1Hz/counter_T(3) <= ((inst_divider_100kHz_to_1Hz/counter(0) AND 
	inst_divider_100kHz_to_1Hz/counter(1) AND inst_divider_100kHz_to_1Hz/counter(2))
	OR (NOT inst_divider_100kHz_to_1Hz/counter(0) AND 
	NOT inst_divider_100kHz_to_1Hz/counter(10) AND NOT inst_divider_100kHz_to_1Hz/counter(1) AND 
	NOT inst_divider_100kHz_to_1Hz/counter(2) AND inst_divider_100kHz_to_1Hz/counter(3) AND 
	NOT inst_divider_100kHz_to_1Hz/counter(11) AND NOT inst_divider_100kHz_to_1Hz/counter(4) AND 
	inst_divider_100kHz_to_1Hz/counter(5) AND NOT inst_divider_100kHz_to_1Hz/counter(12) AND 
	NOT inst_divider_100kHz_to_1Hz/counter(6) AND inst_divider_100kHz_to_1Hz/counter(7) AND 
	inst_divider_100kHz_to_1Hz/counter(13) AND inst_divider_100kHz_to_1Hz/counter(8) AND 
	inst_divider_100kHz_to_1Hz/counter(14) AND NOT inst_divider_100kHz_to_1Hz/counter(9) AND 
	NOT inst_divider_100kHz_to_1Hz/counter(15)));

FTCPE_inst_divider_100kHz_to_1Hz/counter4: FTCPE port map (inst_divider_100kHz_to_1Hz/counter(4),inst_divider_100kHz_to_1Hz/counter_T(4),clk,'0','0','1');
inst_divider_100kHz_to_1Hz/counter_T(4) <= (inst_divider_100kHz_to_1Hz/counter(0) AND 
	inst_divider_100kHz_to_1Hz/counter(1) AND inst_divider_100kHz_to_1Hz/counter(2) AND 
	inst_divider_100kHz_to_1Hz/counter(3));

FTCPE_inst_divider_100kHz_to_1Hz/counter5: FTCPE port map (inst_divider_100kHz_to_1Hz/counter(5),inst_divider_100kHz_to_1Hz/counter_T(5),clk,'0','0','1');
inst_divider_100kHz_to_1Hz/counter_T(5) <= ((inst_divider_100kHz_to_1Hz/counter(0) AND 
	inst_divider_100kHz_to_1Hz/counter(1) AND inst_divider_100kHz_to_1Hz/counter(2) AND 
	inst_divider_100kHz_to_1Hz/counter(3) AND inst_divider_100kHz_to_1Hz/counter(4))
	OR (NOT inst_divider_100kHz_to_1Hz/counter(0) AND 
	NOT inst_divider_100kHz_to_1Hz/counter(10) AND NOT inst_divider_100kHz_to_1Hz/counter(1) AND 
	NOT inst_divider_100kHz_to_1Hz/counter(2) AND inst_divider_100kHz_to_1Hz/counter(3) AND 
	NOT inst_divider_100kHz_to_1Hz/counter(11) AND NOT inst_divider_100kHz_to_1Hz/counter(4) AND 
	inst_divider_100kHz_to_1Hz/counter(5) AND NOT inst_divider_100kHz_to_1Hz/counter(12) AND 
	NOT inst_divider_100kHz_to_1Hz/counter(6) AND inst_divider_100kHz_to_1Hz/counter(7) AND 
	inst_divider_100kHz_to_1Hz/counter(13) AND inst_divider_100kHz_to_1Hz/counter(8) AND 
	inst_divider_100kHz_to_1Hz/counter(14) AND NOT inst_divider_100kHz_to_1Hz/counter(9) AND 
	NOT inst_divider_100kHz_to_1Hz/counter(15)));

FTCPE_inst_divider_100kHz_to_1Hz/counter6: FTCPE port map (inst_divider_100kHz_to_1Hz/counter(6),inst_divider_100kHz_to_1Hz/counter_T(6),clk,'0','0','1');
inst_divider_100kHz_to_1Hz/counter_T(6) <= (inst_divider_100kHz_to_1Hz/counter(0) AND 
	inst_divider_100kHz_to_1Hz/counter(1) AND inst_divider_100kHz_to_1Hz/counter(2) AND 
	inst_divider_100kHz_to_1Hz/counter(3) AND inst_divider_100kHz_to_1Hz/counter(4) AND 
	inst_divider_100kHz_to_1Hz/counter(5));

FTCPE_inst_divider_100kHz_to_1Hz/counter7: FTCPE port map (inst_divider_100kHz_to_1Hz/counter(7),inst_divider_100kHz_to_1Hz/counter_T(7),clk,'0','0','1');
inst_divider_100kHz_to_1Hz/counter_T(7) <= ((inst_divider_100kHz_to_1Hz/counter(0) AND 
	inst_divider_100kHz_to_1Hz/counter(1) AND inst_divider_100kHz_to_1Hz/counter(2) AND 
	inst_divider_100kHz_to_1Hz/counter(3) AND inst_divider_100kHz_to_1Hz/counter(4) AND 
	inst_divider_100kHz_to_1Hz/counter(5) AND inst_divider_100kHz_to_1Hz/counter(6))
	OR (NOT inst_divider_100kHz_to_1Hz/counter(0) AND 
	NOT inst_divider_100kHz_to_1Hz/counter(10) AND NOT inst_divider_100kHz_to_1Hz/counter(1) AND 
	NOT inst_divider_100kHz_to_1Hz/counter(2) AND inst_divider_100kHz_to_1Hz/counter(3) AND 
	NOT inst_divider_100kHz_to_1Hz/counter(11) AND NOT inst_divider_100kHz_to_1Hz/counter(4) AND 
	inst_divider_100kHz_to_1Hz/counter(5) AND NOT inst_divider_100kHz_to_1Hz/counter(12) AND 
	NOT inst_divider_100kHz_to_1Hz/counter(6) AND inst_divider_100kHz_to_1Hz/counter(7) AND 
	inst_divider_100kHz_to_1Hz/counter(13) AND inst_divider_100kHz_to_1Hz/counter(8) AND 
	inst_divider_100kHz_to_1Hz/counter(14) AND NOT inst_divider_100kHz_to_1Hz/counter(9) AND 
	NOT inst_divider_100kHz_to_1Hz/counter(15)));

FTCPE_inst_divider_100kHz_to_1Hz/counter8: FTCPE port map (inst_divider_100kHz_to_1Hz/counter(8),inst_divider_100kHz_to_1Hz/counter_T(8),clk,'0','0','1');
inst_divider_100kHz_to_1Hz/counter_T(8) <= ((inst_divider_100kHz_to_1Hz/counter(0) AND 
	inst_divider_100kHz_to_1Hz/counter(1) AND inst_divider_100kHz_to_1Hz/counter(2) AND 
	inst_divider_100kHz_to_1Hz/counter(3) AND inst_divider_100kHz_to_1Hz/counter(4) AND 
	inst_divider_100kHz_to_1Hz/counter(5) AND inst_divider_100kHz_to_1Hz/counter(6) AND 
	inst_divider_100kHz_to_1Hz/counter(7))
	OR (NOT inst_divider_100kHz_to_1Hz/counter(0) AND 
	NOT inst_divider_100kHz_to_1Hz/counter(10) AND NOT inst_divider_100kHz_to_1Hz/counter(1) AND 
	NOT inst_divider_100kHz_to_1Hz/counter(2) AND inst_divider_100kHz_to_1Hz/counter(3) AND 
	NOT inst_divider_100kHz_to_1Hz/counter(11) AND NOT inst_divider_100kHz_to_1Hz/counter(4) AND 
	inst_divider_100kHz_to_1Hz/counter(5) AND NOT inst_divider_100kHz_to_1Hz/counter(12) AND 
	NOT inst_divider_100kHz_to_1Hz/counter(6) AND inst_divider_100kHz_to_1Hz/counter(7) AND 
	inst_divider_100kHz_to_1Hz/counter(13) AND inst_divider_100kHz_to_1Hz/counter(8) AND 
	inst_divider_100kHz_to_1Hz/counter(14) AND NOT inst_divider_100kHz_to_1Hz/counter(9) AND 
	NOT inst_divider_100kHz_to_1Hz/counter(15)));

FTCPE_inst_divider_100kHz_to_1Hz/counter9: FTCPE port map (inst_divider_100kHz_to_1Hz/counter(9),inst_divider_100kHz_to_1Hz/counter_T(9),clk,'0','0','1');
inst_divider_100kHz_to_1Hz/counter_T(9) <= (inst_divider_100kHz_to_1Hz/counter(0) AND 
	inst_divider_100kHz_to_1Hz/counter(1) AND inst_divider_100kHz_to_1Hz/counter(2) AND 
	inst_divider_100kHz_to_1Hz/counter(3) AND inst_divider_100kHz_to_1Hz/counter(4) AND 
	inst_divider_100kHz_to_1Hz/counter(5) AND inst_divider_100kHz_to_1Hz/counter(6) AND 
	inst_divider_100kHz_to_1Hz/counter(7) AND inst_divider_100kHz_to_1Hz/counter(8));

FTCPE_inst_divider_100kHz_to_1Hz/counter10: FTCPE port map (inst_divider_100kHz_to_1Hz/counter(10),inst_divider_100kHz_to_1Hz/counter_T(10),clk,'0','0','1');
inst_divider_100kHz_to_1Hz/counter_T(10) <= (inst_divider_100kHz_to_1Hz/counter(0) AND 
	inst_divider_100kHz_to_1Hz/counter(1) AND inst_divider_100kHz_to_1Hz/counter(2) AND 
	inst_divider_100kHz_to_1Hz/counter(3) AND inst_divider_100kHz_to_1Hz/counter(4) AND 
	inst_divider_100kHz_to_1Hz/counter(5) AND inst_divider_100kHz_to_1Hz/counter(6) AND 
	inst_divider_100kHz_to_1Hz/counter(7) AND inst_divider_100kHz_to_1Hz/counter(8) AND 
	inst_divider_100kHz_to_1Hz/counter(9));

FTCPE_inst_divider_100kHz_to_1Hz/counter11: FTCPE port map (inst_divider_100kHz_to_1Hz/counter(11),inst_divider_100kHz_to_1Hz/counter_T(11),clk,'0','0','1');
inst_divider_100kHz_to_1Hz/counter_T(11) <= (inst_divider_100kHz_to_1Hz/counter(0) AND 
	inst_divider_100kHz_to_1Hz/counter(10) AND inst_divider_100kHz_to_1Hz/counter(1) AND 
	inst_divider_100kHz_to_1Hz/counter(2) AND inst_divider_100kHz_to_1Hz/counter(3) AND 
	inst_divider_100kHz_to_1Hz/counter(4) AND inst_divider_100kHz_to_1Hz/counter(5) AND 
	inst_divider_100kHz_to_1Hz/counter(6) AND inst_divider_100kHz_to_1Hz/counter(7) AND 
	inst_divider_100kHz_to_1Hz/counter(8) AND inst_divider_100kHz_to_1Hz/counter(9));

FTCPE_inst_divider_100kHz_to_1Hz/counter12: FTCPE port map (inst_divider_100kHz_to_1Hz/counter(12),inst_divider_100kHz_to_1Hz/counter_T(12),clk,'0','0','1');
inst_divider_100kHz_to_1Hz/counter_T(12) <= (inst_divider_100kHz_to_1Hz/counter(0) AND 
	inst_divider_100kHz_to_1Hz/counter(10) AND inst_divider_100kHz_to_1Hz/counter(1) AND 
	inst_divider_100kHz_to_1Hz/counter(2) AND inst_divider_100kHz_to_1Hz/counter(3) AND 
	inst_divider_100kHz_to_1Hz/counter(11) AND inst_divider_100kHz_to_1Hz/counter(4) AND 
	inst_divider_100kHz_to_1Hz/counter(5) AND inst_divider_100kHz_to_1Hz/counter(6) AND 
	inst_divider_100kHz_to_1Hz/counter(7) AND inst_divider_100kHz_to_1Hz/counter(8) AND 
	inst_divider_100kHz_to_1Hz/counter(9));

FTCPE_inst_divider_100kHz_to_1Hz/counter13: FTCPE port map (inst_divider_100kHz_to_1Hz/counter(13),inst_divider_100kHz_to_1Hz/counter_T(13),clk,'0','0','1');
inst_divider_100kHz_to_1Hz/counter_T(13) <= ((inst_divider_100kHz_to_1Hz/counter(0) AND 
	inst_divider_100kHz_to_1Hz/counter(10) AND inst_divider_100kHz_to_1Hz/counter(1) AND 
	inst_divider_100kHz_to_1Hz/counter(2) AND inst_divider_100kHz_to_1Hz/counter(3) AND 
	inst_divider_100kHz_to_1Hz/counter(11) AND inst_divider_100kHz_to_1Hz/counter(4) AND 
	inst_divider_100kHz_to_1Hz/counter(5) AND inst_divider_100kHz_to_1Hz/counter(12) AND 
	inst_divider_100kHz_to_1Hz/counter(6) AND inst_divider_100kHz_to_1Hz/counter(7) AND 
	inst_divider_100kHz_to_1Hz/counter(8) AND inst_divider_100kHz_to_1Hz/counter(9))
	OR (NOT inst_divider_100kHz_to_1Hz/counter(0) AND 
	NOT inst_divider_100kHz_to_1Hz/counter(10) AND NOT inst_divider_100kHz_to_1Hz/counter(1) AND 
	NOT inst_divider_100kHz_to_1Hz/counter(2) AND inst_divider_100kHz_to_1Hz/counter(3) AND 
	NOT inst_divider_100kHz_to_1Hz/counter(11) AND NOT inst_divider_100kHz_to_1Hz/counter(4) AND 
	inst_divider_100kHz_to_1Hz/counter(5) AND NOT inst_divider_100kHz_to_1Hz/counter(12) AND 
	NOT inst_divider_100kHz_to_1Hz/counter(6) AND inst_divider_100kHz_to_1Hz/counter(7) AND 
	inst_divider_100kHz_to_1Hz/counter(13) AND inst_divider_100kHz_to_1Hz/counter(8) AND 
	inst_divider_100kHz_to_1Hz/counter(14) AND NOT inst_divider_100kHz_to_1Hz/counter(9) AND 
	NOT inst_divider_100kHz_to_1Hz/counter(15)));

FTCPE_inst_divider_100kHz_to_1Hz/counter14: FTCPE port map (inst_divider_100kHz_to_1Hz/counter(14),inst_divider_100kHz_to_1Hz/counter_T(14),clk,'0','0','1');
inst_divider_100kHz_to_1Hz/counter_T(14) <= ((inst_divider_100kHz_to_1Hz/counter(0) AND 
	inst_divider_100kHz_to_1Hz/counter(10) AND inst_divider_100kHz_to_1Hz/counter(1) AND 
	inst_divider_100kHz_to_1Hz/counter(2) AND inst_divider_100kHz_to_1Hz/counter(3) AND 
	inst_divider_100kHz_to_1Hz/counter(11) AND inst_divider_100kHz_to_1Hz/counter(4) AND 
	inst_divider_100kHz_to_1Hz/counter(5) AND inst_divider_100kHz_to_1Hz/counter(12) AND 
	inst_divider_100kHz_to_1Hz/counter(6) AND inst_divider_100kHz_to_1Hz/counter(7) AND 
	inst_divider_100kHz_to_1Hz/counter(13) AND inst_divider_100kHz_to_1Hz/counter(8) AND 
	inst_divider_100kHz_to_1Hz/counter(9))
	OR (NOT inst_divider_100kHz_to_1Hz/counter(0) AND 
	NOT inst_divider_100kHz_to_1Hz/counter(10) AND NOT inst_divider_100kHz_to_1Hz/counter(1) AND 
	NOT inst_divider_100kHz_to_1Hz/counter(2) AND inst_divider_100kHz_to_1Hz/counter(3) AND 
	NOT inst_divider_100kHz_to_1Hz/counter(11) AND NOT inst_divider_100kHz_to_1Hz/counter(4) AND 
	inst_divider_100kHz_to_1Hz/counter(5) AND NOT inst_divider_100kHz_to_1Hz/counter(12) AND 
	NOT inst_divider_100kHz_to_1Hz/counter(6) AND inst_divider_100kHz_to_1Hz/counter(7) AND 
	inst_divider_100kHz_to_1Hz/counter(13) AND inst_divider_100kHz_to_1Hz/counter(8) AND 
	inst_divider_100kHz_to_1Hz/counter(14) AND NOT inst_divider_100kHz_to_1Hz/counter(9) AND 
	NOT inst_divider_100kHz_to_1Hz/counter(15)));

FTCPE_inst_divider_100kHz_to_1Hz/counter15: FTCPE port map (inst_divider_100kHz_to_1Hz/counter(15),inst_divider_100kHz_to_1Hz/counter_T(15),clk,'0','0','1');
inst_divider_100kHz_to_1Hz/counter_T(15) <= (inst_divider_100kHz_to_1Hz/counter(0) AND 
	inst_divider_100kHz_to_1Hz/counter(10) AND inst_divider_100kHz_to_1Hz/counter(1) AND 
	inst_divider_100kHz_to_1Hz/counter(2) AND inst_divider_100kHz_to_1Hz/counter(3) AND 
	inst_divider_100kHz_to_1Hz/counter(11) AND inst_divider_100kHz_to_1Hz/counter(4) AND 
	inst_divider_100kHz_to_1Hz/counter(5) AND inst_divider_100kHz_to_1Hz/counter(12) AND 
	inst_divider_100kHz_to_1Hz/counter(6) AND inst_divider_100kHz_to_1Hz/counter(7) AND 
	inst_divider_100kHz_to_1Hz/counter(13) AND inst_divider_100kHz_to_1Hz/counter(8) AND 
	inst_divider_100kHz_to_1Hz/counter(14) AND inst_divider_100kHz_to_1Hz/counter(9));

FTCPE_inst_sequenter/counter0: FTCPE port map (inst_sequenter/counter(0),inst_sequenter/counter_T(0),XLXN_7,NOT b0,'0','1');
inst_sequenter/counter_T(0) <= NOT ((NOT inst_sequenter/counter(0) AND 
	inst_sequenter/counter(1) AND NOT inst_sequenter/counter(2) AND 
	NOT inst_sequenter/counter(3) AND inst_sequenter/counter(4)));

FTCPE_inst_sequenter/counter1: FTCPE port map (inst_sequenter/counter(1),inst_sequenter/counter(0),XLXN_7,NOT b0,'0','1');

FTCPE_inst_sequenter/counter2: FTCPE port map (inst_sequenter/counter(2),inst_sequenter/counter_T(2),XLXN_7,NOT b0,'0','1');
inst_sequenter/counter_T(2) <= (inst_sequenter/counter(0) AND 
	inst_sequenter/counter(1));

FTCPE_inst_sequenter/counter3: FTCPE port map (inst_sequenter/counter(3),inst_sequenter/counter_T(3),XLXN_7,NOT b0,'0','1');
inst_sequenter/counter_T(3) <= (inst_sequenter/counter(0) AND 
	inst_sequenter/counter(1) AND inst_sequenter/counter(2));

FTCPE_inst_sequenter/counter4: FTCPE port map (inst_sequenter/counter(4),inst_sequenter/counter_T(4),XLXN_7,NOT b0,'0','1');
inst_sequenter/counter_T(4) <= (inst_sequenter/counter(0) AND 
	inst_sequenter/counter(1) AND inst_sequenter/counter(2) AND 
	inst_sequenter/counter(3));


Register Legend:
 FDCPE (Q,D,C,CLR,PRE,CE); 
 FDDCPE (Q,D,C,CLR,PRE,CE); 
 FTCPE (Q,D,C,CLR,PRE,CE); 
 FTDCPE (Q,D,C,CLR,PRE,CE); 
 LDCP  (Q,D,G,CLR,PRE); 

******************************  Device Pin Out *****************************

Device : XC2C256-6-TQ144


Pin Signal                         Pin Signal                        
No. Name                           No. Name                          
  1 VCC                              73 VCCIO-1.8                     
  2 in_data<0>                       74 KPR                           
  3 in_data<4>                       75 KPR                           
  4 in_data<1>                       76 KPR                           
  5 in_data<5>                       77 KPR                           
  6 in_data<2>                       78 KPR                           
  7 in_data<6>                       79 KPR                           
  8 VCCAUX                           80 KPR                           
  9 in_data<3>                       81 KPR                           
 10 in_data<7>                       82 KPR                           
 11 KPR                              83 KPR                           
 12 KPR                              84 VCC                           
 13 KPR                              85 KPR                           
 14 KPR                              86 KPR                           
 15 KPR                              87 KPR                           
 16 KPR                              88 KPR                           
 17 KPR                              89 GND                           
 18 KPR                              90 GND                           
 19 KPR                              91 KPR                           
 20 KPR                              92 KPR                           
 21 KPR                              93 VCCIO-1.8                     
 22 KPR                              94 KPR                           
 23 KPR                              95 KPR                           
 24 KPR                              96 RM<7>                         
 25 KPR                              97 KPR                           
 26 KPR                              98 RM<6>                         
 27 VCCIO-1.8                        99 GND                           
 28 KPR                             100 KPR                           
 29 GND                             101 RM<5>                         
 30 KPR                             102 KPR                           
 31 KPR                             103 RM<4>                         
 32 KPR                             104 KPR                           
 33 KPR                             105 KPR                           
 34 KPR                             106 KPR                           
 35 KPR                             107 KPR                           
 36 GND                             108 GND                           
 37 VCC                             109 VCCIO-1.8                     
 38 clk                             110 KPR                           
 39 KPR                             111 KPR                           
 40 KPR                             112 RM<3>                         
 41 KPR                             113 KPR                           
 42 KPR                             114 RM<2>                         
 43 KPR                             115 KPR                           
 44 KPR                             116 RM<1>                         
 45 KPR                             117 KPR                           
 46 KPR                             118 RM<0>                         
 47 GND                             119 KPR                           
 48 KPR                             120 KPR                           
 49 KPR                             121 KPR                           
 50 KPR                             122 TDO                           
 51 KPR                             123 GND                           
 52 KPR                             124 MISO                          
 53 KPR                             125 KPR                           
 54 KPR                             126 KPR                           
 55 VCCIO-1.8                       127 VCCIO-1.8                     
 56 KPR                             128 KPR                           
 57 KPR                             129 KPR                           
 58 KPR                             130 KPR                           
 59 KPR                             131 KPR                           
 60 KPR                             132 KPR                           
 61 KPR                             133 KPR                           
 62 GND                             134 MOSI                          
 63 TDI                             135 KPR                           
 64 KPR                             136 KPR                           
 65 TMS                             137 KPR                           
 66 KPR                             138 KPR                           
 67 TCK                             139 CS                            
 68 KPR                             140 KPR                           
 69 KPR                             141 VCCIO-1.8                     
 70 KPR                             142 clkSeq                        
 71 KPR                             143 b0                            
 72 GND                             144 GND                           


Legend :  NC  = Not Connected, unbonded pin
        PGND  = Unused I/O configured as additional Ground pin
         KPR  = Unused I/O with weak keeper (leave unconnected)
         WPU  = Unused I/O with weak pull up (leave unconnected)
         TIE  = Unused I/O floating -- must tie to VCC, GND or other signal
         VCC  = Dedicated Power Pin
      VCCAUX  = Power supply for JTAG pins
   VCCIO-3.3  = I/O supply voltage for LVTTL, LVCMOS33, SSTL3_I
   VCCIO-2.5  = I/O supply voltage for LVCMOS25, SSTL2_I
   VCCIO-1.8  = I/O supply voltage for LVCMOS18
   VCCIO-1.5  = I/O supply voltage for LVCMOS15, HSTL_I
        VREF  = Reference voltage for indicated input standard
       *VREF  = Reference voltage pin selected by software
         GND  = Dedicated Ground Pin
         TDI  = Test Data In, JTAG pin
         TDO  = Test Data Out, JTAG pin
         TCK  = Test Clock, JTAG pin
         TMS  = Test Mode Select, JTAG pin
  PROHIBITED  = User reserved pin
****************************  Compiler Options  ****************************

Following is a list of all global compiler options used by the fitter run.

Device(s) Specified                         : xc2c256-6-TQ144
Optimization Method                         : DENSITY
Multi-Level Logic Optimization              : ON
Ignore Timing Specifications                : OFF
Default Register Power Up Value             : LOW
Keep User Location Constraints              : ON
What-You-See-Is-What-You-Get                : OFF
Exhaustive Fitting                          : OFF
Keep Unused Inputs                          : OFF
Slew Rate                                   : FAST
Set Unused I/O Pin Termination              : KEEPER
Global Clock Optimization                   : ON
Global Set/Reset Optimization               : ON
Global Ouput Enable Optimization            : ON
Enable Input Registers                      : ON
Function Block Fan-in Limit                 : 38
Use DATA_GATE Attribute                     : ON
Set Tristate Outputs to Termination Mode    : KEEPER
Default Voltage Standard for All Outputs    : LVCMOS18
Input Limit                                 : 32
Pterm Limit                                 : 28
